[03-Aug-2024 08:54:55 UTC] PHP Warning:  An unexpected error occurred. Something may be wrong with WordPress.org or this server&#8217;s configuration. If you continue to have problems, please try the <a href="https://wordpress.org/support/forums/">support forums</a>. (WordPress could not establish a secure connection to WordPress.org. Please contact your server administrator.) in C:\Users\Md Sium\Local Sites\wpone\app\public\wp-admin\includes\update.php on line 154
[03-Aug-2024 09:32:29 UTC] PHP Warning:  An unexpected error occurred. Something may be wrong with WordPress.org or this server&#8217;s configuration. If you continue to have problems, please try the <a href="https://wordpress.org/support/forums/">support forums</a>. (WordPress could not establish a secure connection to WordPress.org. Please contact your server administrator.) in C:\Users\Md Sium\Local Sites\wpone\app\public\wp-admin\includes\translation-install.php on line 68
[03-Aug-2024 09:32:35 UTC] PHP Warning:  An unexpected error occurred. Something may be wrong with WordPress.org or this server&#8217;s configuration. If you continue to have problems, please try the <a href="https://wordpress.org/support/forums/">support forums</a>. (WordPress could not establish a secure connection to WordPress.org. Please contact your server administrator.) in C:\Users\Md Sium\Local Sites\wpone\app\public\wp-admin\includes\translation-install.php on line 68
[03-Aug-2024 09:34:15 UTC] PHP Warning:  An unexpected error occurred. Something may be wrong with WordPress.org or this server&#8217;s configuration. If you continue to have problems, please try the <a href="https://wordpress.org/support/forums/">support forums</a>. (WordPress could not establish a secure connection to WordPress.org. Please contact your server administrator.) in C:\Users\Md Sium\Local Sites\wpone\app\public\wp-includes\update.php on line 211
[03-Aug-2024 09:38:49 UTC] PHP Warning:  An unexpected error occurred. Something may be wrong with WordPress.org or this server&#8217;s configuration. If you continue to have problems, please try the <a href="https://wordpress.org/support/forums/">support forums</a>. (WordPress could not establish a secure connection to WordPress.org. Please contact your server administrator.) in C:\Users\Md Sium\Local Sites\wpone\app\public\wp-admin\includes\translation-install.php on line 68
[03-Aug-2024 09:41:36 UTC] PHP Warning:  An unexpected error occurred. Something may be wrong with WordPress.org or this server&#8217;s configuration. If you continue to have problems, please try the <a href="https://wordpress.org/support/forums/">support forums</a>. (WordPress could not establish a secure connection to WordPress.org. Please contact your server administrator.) in C:\Users\Md Sium\Local Sites\wpone\app\public\wp-includes\update.php on line 449
[03-Aug-2024 09:41:42 UTC] PHP Warning:  An unexpected error occurred. Something may be wrong with WordPress.org or this server&#8217;s configuration. If you continue to have problems, please try the <a href="https://wordpress.org/support/forums/">support forums</a>. (WordPress could not establish a secure connection to WordPress.org. Please contact your server administrator.) in C:\Users\Md Sium\Local Sites\wpone\app\public\wp-includes\update.php on line 730
[04-Aug-2024 04:17:21 UTC] PHP Warning:  An unexpected error occurred. Something may be wrong with WordPress.org or this server&#8217;s configuration. If you continue to have problems, please try the <a href="https://wordpress.org/support/forums/">support forums</a>. (WordPress could not establish a secure connection to WordPress.org. Please contact your server administrator.) in C:\Users\Md Sium\Local Sites\wpone\app\public\wp-admin\includes\update.php on line 154
[04-Aug-2024 04:28:57 UTC] PHP Warning:  An unexpected error occurred. Something may be wrong with WordPress.org or this server&#8217;s configuration. If you continue to have problems, please try the <a href="https://wordpress.org/support/forums/">support forums</a>. (WordPress could not establish a secure connection to WordPress.org. Please contact your server administrator.) in C:\Users\Md Sium\Local Sites\wpone\app\public\wp-admin\includes\update.php on line 154
[04-Aug-2024 04:29:25 UTC] PHP Warning:  An unexpected error occurred. Something may be wrong with WordPress.org or this server&#8217;s configuration. If you continue to have problems, please try the <a href="https://wordpress.org/support/forums/">support forums</a>. (WordPress could not establish a secure connection to WordPress.org. Please contact your server administrator.) in C:\Users\Md Sium\Local Sites\wpone\app\public\wp-admin\includes\update.php on line 154
[04-Aug-2024 04:33:31 UTC] Xdebug: [Step Debug] Time-out connecting to debugging client, waited: 200 ms. Tried: localhost:9003 (fallback through xdebug.client_host/xdebug.client_port) :-(
[04-Aug-2024 04:33:31 UTC] Xdebug: [Step Debug] Time-out connecting to debugging client, waited: 200 ms. Tried: localhost:9003 (fallback through xdebug.client_host/xdebug.client_port) :-(
[04-Aug-2024 04:33:31 UTC] Xdebug: [Step Debug] Time-out connecting to debugging client, waited: 200 ms. Tried: localhost:9003 (fallback through xdebug.client_host/xdebug.client_port) :-(
[04-Aug-2024 04:33:31 UTC] Xdebug: [Step Debug] Time-out connecting to debugging client, waited: 200 ms. Tried: localhost:9003 (fallback through xdebug.client_host/xdebug.client_port) :-(
[04-Aug-2024 04:33:31 UTC] Xdebug: [Step Debug] Time-out connecting to debugging client, waited: 200 ms. Tried: localhost:9003 (fallback through xdebug.client_host/xdebug.client_port) :-(
[04-Aug-2024 04:33:31 UTC] Xdebug: [Step Debug] Time-out connecting to debugging client, waited: 200 ms. Tried: localhost:9003 (fallback through xdebug.client_host/xdebug.client_port) :-(
[04-Aug-2024 04:33:33 UTC] Xdebug: [Step Debug] Time-out connecting to debugging client, waited: 200 ms. Tried: localhost:9003 (fallback through xdebug.client_host/xdebug.client_port) :-(
[04-Aug-2024 04:33:33 UTC] Xdebug: [Step Debug] Time-out connecting to debugging client, waited: 200 ms. Tried: localhost:9003 (fallback through xdebug.client_host/xdebug.client_port) :-(
[04-Aug-2024 04:33:33 UTC] Xdebug: [Step Debug] Time-out connecting to debugging client, waited: 200 ms. Tried: localhost:9003 (fallback through xdebug.client_host/xdebug.client_port) :-(
[04-Aug-2024 04:33:33 UTC] Xdebug: [Step Debug] Time-out connecting to debugging client, waited: 200 ms. Tried: localhost:9003 (fallback through xdebug.client_host/xdebug.client_port) :-(
[04-Aug-2024 04:33:34 UTC] Xdebug: [Step Debug] Time-out connecting to debugging client, waited: 200 ms. Tried: localhost:9003 (fallback through xdebug.client_host/xdebug.client_port) :-(
[04-Aug-2024 04:33:34 UTC] Xdebug: [Step Debug] Time-out connecting to debugging client, waited: 200 ms. Tried: localhost:9003 (fallback through xdebug.client_host/xdebug.client_port) :-(
[04-Aug-2024 04:33:35 UTC] Xdebug: [Step Debug] Time-out connecting to debugging client, waited: 200 ms. Tried: localhost:9003 (fallback through xdebug.client_host/xdebug.client_port) :-(
[04-Aug-2024 04:33:35 UTC] Xdebug: [Step Debug] Time-out connecting to debugging client, waited: 200 ms. Tried: localhost:9003 (fallback through xdebug.client_host/xdebug.client_port) :-(
[04-Aug-2024 04:33:36 UTC] Xdebug: [Step Debug] Time-out connecting to debugging client, waited: 200 ms. Tried: localhost:9003 (fallback through xdebug.client_host/xdebug.client_port) :-(
[04-Aug-2024 04:33:36 UTC] Xdebug: [Step Debug] Time-out connecting to debugging client, waited: 200 ms. Tried: localhost:9003 (fallback through xdebug.client_host/xdebug.client_port) :-(
[04-Aug-2024 04:33:36 UTC] Xdebug: [Step Debug] Time-out connecting to debugging client, waited: 200 ms. Tried: localhost:9003 (fallback through xdebug.client_host/xdebug.client_port) :-(
[04-Aug-2024 04:33:36 UTC] Xdebug: [Step Debug] Time-out connecting to debugging client, waited: 200 ms. Tried: localhost:9003 (fallback through xdebug.client_host/xdebug.client_port) :-(
[04-Aug-2024 04:33:36 UTC] Xdebug: [Step Debug] Time-out connecting to debugging client, waited: 200 ms. Tried: localhost:9003 (fallback through xdebug.client_host/xdebug.client_port) :-(
[04-Aug-2024 04:33:37 UTC] Xdebug: [Step Debug] Time-out connecting to debugging client, waited: 200 ms. Tried: localhost:9003 (fallback through xdebug.client_host/xdebug.client_port) :-(
[04-Aug-2024 04:33:37 UTC] Xdebug: [Step Debug] Time-out connecting to debugging client, waited: 200 ms. Tried: localhost:9003 (fallback through xdebug.client_host/xdebug.client_port) :-(
[04-Aug-2024 04:33:37 UTC] Xdebug: [Step Debug] Time-out connecting to debugging client, waited: 200 ms. Tried: localhost:9003 (fallback through xdebug.client_host/xdebug.client_port) :-(
[04-Aug-2024 04:33:37 UTC] Xdebug: [Step Debug] Time-out connecting to debugging client, waited: 200 ms. Tried: localhost:9003 (fallback through xdebug.client_host/xdebug.client_port) :-(
[04-Aug-2024 04:33:37 UTC] Xdebug: [Step Debug] Time-out connecting to debugging client, waited: 200 ms. Tried: localhost:9003 (fallback through xdebug.client_host/xdebug.client_port) :-(
[04-Aug-2024 04:33:37 UTC] Xdebug: [Step Debug] Time-out connecting to debugging client, waited: 200 ms. Tried: localhost:9003 (fallback through xdebug.client_host/xdebug.client_port) :-(
[04-Aug-2024 04:33:37 UTC] Xdebug: [Step Debug] Time-out connecting to debugging client, waited: 200 ms. Tried: localhost:9003 (fallback through xdebug.client_host/xdebug.client_port) :-(
[04-Aug-2024 04:33:38 UTC] Xdebug: [Step Debug] Time-out connecting to debugging client, waited: 200 ms. Tried: localhost:9003 (fallback through xdebug.client_host/xdebug.client_port) :-(
[04-Aug-2024 04:33:38 UTC] Xdebug: [Step Debug] Time-out connecting to debugging client, waited: 200 ms. Tried: localhost:9003 (fallback through xdebug.client_host/xdebug.client_port) :-(
[04-Aug-2024 04:33:38 UTC] Xdebug: [Step Debug] Time-out connecting to debugging client, waited: 200 ms. Tried: localhost:9003 (fallback through xdebug.client_host/xdebug.client_port) :-(
[04-Aug-2024 04:33:38 UTC] Xdebug: [Step Debug] Time-out connecting to debugging client, waited: 200 ms. Tried: localhost:9003 (fallback through xdebug.client_host/xdebug.client_port) :-(
[04-Aug-2024 04:33:38 UTC] Xdebug: [Step Debug] Time-out connecting to debugging client, waited: 200 ms. Tried: localhost:9003 (fallback through xdebug.client_host/xdebug.client_port) :-(
[04-Aug-2024 04:33:38 UTC] Xdebug: [Step Debug] Time-out connecting to debugging client, waited: 200 ms. Tried: localhost:9003 (fallback through xdebug.client_host/xdebug.client_port) :-(
[04-Aug-2024 04:33:39 UTC] Xdebug: [Step Debug] Time-out connecting to debugging client, waited: 200 ms. Tried: localhost:9003 (fallback through xdebug.client_host/xdebug.client_port) :-(
[04-Aug-2024 04:33:40 UTC] Xdebug: [Step Debug] Time-out connecting to debugging client, waited: 200 ms. Tried: localhost:9003 (fallback through xdebug.client_host/xdebug.client_port) :-(
[04-Aug-2024 04:33:41 UTC] Xdebug: [Step Debug] Time-out connecting to debugging client, waited: 200 ms. Tried: localhost:9003 (fallback through xdebug.client_host/xdebug.client_port) :-(
[04-Aug-2024 04:33:41 UTC] Xdebug: [Step Debug] Time-out connecting to debugging client, waited: 200 ms. Tried: localhost:9003 (fallback through xdebug.client_host/xdebug.client_port) :-(
[04-Aug-2024 04:33:42 UTC] Xdebug: [Step Debug] Time-out connecting to debugging client, waited: 200 ms. Tried: localhost:9003 (fallback through xdebug.client_host/xdebug.client_port) :-(
[04-Aug-2024 04:33:43 UTC] Xdebug: [Step Debug] Time-out connecting to debugging client, waited: 200 ms. Tried: localhost:9003 (fallback through xdebug.client_host/xdebug.client_port) :-(
[04-Aug-2024 04:33:43 UTC] Xdebug: [Step Debug] Time-out connecting to debugging client, waited: 200 ms. Tried: localhost:9003 (fallback through xdebug.client_host/xdebug.client_port) :-(
[04-Aug-2024 04:33:43 UTC] Xdebug: [Step Debug] Time-out connecting to debugging client, waited: 200 ms. Tried: localhost:9003 (fallback through xdebug.client_host/xdebug.client_port) :-(
[04-Aug-2024 04:33:44 UTC] Xdebug: [Step Debug] Time-out connecting to debugging client, waited: 200 ms. Tried: localhost:9003 (fallback through xdebug.client_host/xdebug.client_port) :-(
[04-Aug-2024 04:33:44 UTC] Xdebug: [Step Debug] Time-out connecting to debugging client, waited: 200 ms. Tried: localhost:9003 (fallback through xdebug.client_host/xdebug.client_port) :-(
[04-Aug-2024 04:33:45 UTC] Xdebug: [Step Debug] Time-out connecting to debugging client, waited: 200 ms. Tried: localhost:9003 (fallback through xdebug.client_host/xdebug.client_port) :-(
[04-Aug-2024 04:33:45 UTC] Xdebug: [Step Debug] Time-out connecting to debugging client, waited: 200 ms. Tried: localhost:9003 (fallback through xdebug.client_host/xdebug.client_port) :-(
[04-Aug-2024 04:33:45 UTC] Xdebug: [Step Debug] Time-out connecting to debugging client, waited: 200 ms. Tried: localhost:9003 (fallback through xdebug.client_host/xdebug.client_port) :-(
[04-Aug-2024 04:33:45 UTC] Xdebug: [Step Debug] Time-out connecting to debugging client, waited: 200 ms. Tried: localhost:9003 (fallback through xdebug.client_host/xdebug.client_port) :-(
[04-Aug-2024 04:33:46 UTC] Xdebug: [Step Debug] Time-out connecting to debugging client, waited: 200 ms. Tried: localhost:9003 (fallback through xdebug.client_host/xdebug.client_port) :-(
[04-Aug-2024 04:33:46 UTC] Xdebug: [Step Debug] Time-out connecting to debugging client, waited: 200 ms. Tried: localhost:9003 (fallback through xdebug.client_host/xdebug.client_port) :-(
[04-Aug-2024 04:33:46 UTC] Xdebug: [Step Debug] Time-out connecting to debugging client, waited: 200 ms. Tried: localhost:9003 (fallback through xdebug.client_host/xdebug.client_port) :-(
[04-Aug-2024 04:33:46 UTC] Xdebug: [Step Debug] Time-out connecting to debugging client, waited: 200 ms. Tried: localhost:9003 (fallback through xdebug.client_host/xdebug.client_port) :-(
[04-Aug-2024 04:33:47 UTC] Xdebug: [Step Debug] Time-out connecting to debugging client, waited: 200 ms. Tried: localhost:9003 (fallback through xdebug.client_host/xdebug.client_port) :-(
[04-Aug-2024 04:33:47 UTC] Xdebug: [Step Debug] Time-out connecting to debugging client, waited: 200 ms. Tried: localhost:9003 (fallback through xdebug.client_host/xdebug.client_port) :-(
[04-Aug-2024 04:33:52 UTC] Xdebug: [Step Debug] Time-out connecting to debugging client, waited: 200 ms. Tried: ::1:9003 (from HTTP_X_FORWARDED_FOR HTTP header), localhost:9003 (fallback through xdebug.client_host/xdebug.client_port) :-(
[04-Aug-2024 04:33:52 UTC] Xdebug: [Step Debug] Time-out connecting to debugging client, waited: 200 ms. Tried: ::1:9003 (from HTTP_X_FORWARDED_FOR HTTP header), localhost:9003 (fallback through xdebug.client_host/xdebug.client_port) :-(
[04-Aug-2024 04:34:09 UTC] Xdebug: [Step Debug] Time-out connecting to debugging client, waited: 200 ms. Tried: ::1:9003 (from HTTP_X_FORWARDED_FOR HTTP header), localhost:9003 (fallback through xdebug.client_host/xdebug.client_port) :-(
[04-Aug-2024 04:34:10 UTC] Xdebug: [Step Debug] Time-out connecting to debugging client, waited: 200 ms. Tried: ::1:9003 (from HTTP_X_FORWARDED_FOR HTTP header), localhost:9003 (fallback through xdebug.client_host/xdebug.client_port) :-(
[04-Aug-2024 04:34:18 UTC] Xdebug: [Step Debug] Time-out connecting to debugging client, waited: 200 ms. Tried: ::1:9003 (from HTTP_X_FORWARDED_FOR HTTP header), localhost:9003 (fallback through xdebug.client_host/xdebug.client_port) :-(
[04-Aug-2024 04:34:19 UTC] Xdebug: [Step Debug] Time-out connecting to debugging client, waited: 200 ms. Tried: ::1:9003 (from HTTP_X_FORWARDED_FOR HTTP header), localhost:9003 (fallback through xdebug.client_host/xdebug.client_port) :-(
[04-Aug-2024 04:34:19 UTC] Xdebug: [Step Debug] Time-out connecting to debugging client, waited: 200 ms. Tried: ::1:9003 (from HTTP_X_FORWARDED_FOR HTTP header), localhost:9003 (fallback through xdebug.client_host/xdebug.client_port) :-(
[04-Aug-2024 04:34:21 UTC] Xdebug: [Step Debug] Time-out connecting to debugging client, waited: 200 ms. Tried: ::1:9003 (from HTTP_X_FORWARDED_FOR HTTP header), localhost:9003 (fallback through xdebug.client_host/xdebug.client_port) :-(
[04-Aug-2024 04:34:23 UTC] Xdebug: [Step Debug] Time-out connecting to debugging client, waited: 200 ms. Tried: ::1:9003 (from HTTP_X_FORWARDED_FOR HTTP header), localhost:9003 (fallback through xdebug.client_host/xdebug.client_port) :-(
[04-Aug-2024 04:34:24 UTC] Xdebug: [Step Debug] Time-out connecting to debugging client, waited: 200 ms. Tried: ::1:9003 (from HTTP_X_FORWARDED_FOR HTTP header), localhost:9003 (fallback through xdebug.client_host/xdebug.client_port) :-(
[04-Aug-2024 04:34:24 UTC] Xdebug: [Step Debug] Time-out connecting to debugging client, waited: 200 ms. Tried: ::1:9003 (from HTTP_X_FORWARDED_FOR HTTP header), localhost:9003 (fallback through xdebug.client_host/xdebug.client_port) :-(
[04-Aug-2024 04:34:25 UTC] Xdebug: [Step Debug] Time-out connecting to debugging client, waited: 200 ms. Tried: localhost:9003 (fallback through xdebug.client_host/xdebug.client_port) :-(
[04-Aug-2024 04:34:25 UTC] Xdebug: [Step Debug] Time-out connecting to debugging client, waited: 200 ms. Tried: ::1:9003 (from HTTP_X_FORWARDED_FOR HTTP header), localhost:9003 (fallback through xdebug.client_host/xdebug.client_port) :-(
[04-Aug-2024 04:34:25 UTC] Xdebug: [Step Debug] Time-out connecting to debugging client, waited: 200 ms. Tried: localhost:9003 (fallback through xdebug.client_host/xdebug.client_port) :-(
[04-Aug-2024 04:34:28 UTC] Xdebug: [Step Debug] Time-out connecting to debugging client, waited: 200 ms. Tried: localhost:9003 (fallback through xdebug.client_host/xdebug.client_port) :-(
[04-Aug-2024 04:34:29 UTC] Xdebug: [Step Debug] Time-out connecting to debugging client, waited: 200 ms. Tried: localhost:9003 (fallback through xdebug.client_host/xdebug.client_port) :-(
[04-Aug-2024 04:55:59 UTC] PHP Warning:  An unexpected error occurred. Something may be wrong with WordPress.org or this server&#8217;s configuration. If you continue to have problems, please try the <a href="https://wordpress.org/support/forums/">support forums</a>. (WordPress could not establish a secure connection to WordPress.org. Please contact your server administrator.) in C:\Users\Md Sium\Local Sites\wpone\app\public\wp-admin\includes\update.php on line 154
[07-Aug-2024 13:41:33 UTC] WordPress database error Deadlock found when trying to get lock; try restarting transaction for query DELETE FROM `wp_options` WHERE `option_name` = '_site_transient_wp_theme_files_patterns-548617f20d581d64d464869699552fb2' made by include('phar://C:/Users/Md Sium/AppData/Local/Programs/Local/resources/extraResources/bin/wp-cli/wp-cli.phar/php/boot-phar.php'), include('phar://C:/Users/Md Sium/AppData/Local/Programs/Local/resources/extraResources/bin/wp-cli/wp-cli.phar/vendor/wp-cli/wp-cli/php/wp-cli.php'), WP_CLI\bootstrap, WP_CLI\Bootstrap\LaunchRunner->process, WP_CLI\Runner->start, WP_CLI\Runner->load_wordpress, require('wp-settings.php'), do_action('init'), WP_Hook->do_action, WP_Hook->apply_filters, _register_theme_block_patterns, WP_Theme->get_block_patterns, WP_Theme->get_pattern_cache, get_site_transient, delete_site_option, delete_network_option, delete_option
[08-Aug-2024 05:48:08 UTC] WordPress database error Deadlock found when trying to get lock; try restarting transaction for query DELETE FROM `wp_options` WHERE `option_name` = '_site_transient_wp_theme_files_patterns-548617f20d581d64d464869699552fb2' made by include('phar://C:/Users/Md Sium/AppData/Local/Programs/Local/resources/extraResources/bin/wp-cli/wp-cli.phar/php/boot-phar.php'), include('phar://C:/Users/Md Sium/AppData/Local/Programs/Local/resources/extraResources/bin/wp-cli/wp-cli.phar/vendor/wp-cli/wp-cli/php/wp-cli.php'), WP_CLI\bootstrap, WP_CLI\Bootstrap\LaunchRunner->process, WP_CLI\Runner->start, WP_CLI\Runner->load_wordpress, require('wp-settings.php'), do_action('init'), WP_Hook->do_action, WP_Hook->apply_filters, _register_theme_block_patterns, WP_Theme->get_block_patterns, WP_Theme->get_pattern_cache, get_site_transient, delete_site_option, delete_network_option, delete_option
[18-Aug-2024 13:16:56 UTC] WordPress database error Deadlock found when trying to get lock; try restarting transaction for query DELETE FROM `wp_options` WHERE `option_name` = '_site_transient_wp_theme_files_patterns-548617f20d581d64d464869699552fb2' made by include('phar://C:/Users/Md Sium/AppData/Local/Programs/Local/resources/extraResources/bin/wp-cli/wp-cli.phar/php/boot-phar.php'), include('phar://C:/Users/Md Sium/AppData/Local/Programs/Local/resources/extraResources/bin/wp-cli/wp-cli.phar/vendor/wp-cli/wp-cli/php/wp-cli.php'), WP_CLI\bootstrap, WP_CLI\Bootstrap\LaunchRunner->process, WP_CLI\Runner->start, WP_CLI\Runner->load_wordpress, require('wp-settings.php'), do_action('init'), WP_Hook->do_action, WP_Hook->apply_filters, _register_theme_block_patterns, WP_Theme->get_block_patterns, WP_Theme->get_pattern_cache, get_site_transient, delete_site_option, delete_network_option, delete_option
[21-Aug-2024 13:35:13 UTC] WordPress database error Deadlock found when trying to get lock; try restarting transaction for query DELETE FROM `wp_options` WHERE `option_name` = '_site_transient_wp_theme_files_patterns-548617f20d581d64d464869699552fb2' made by include('phar://C:/Users/Md Sium/AppData/Local/Programs/Local/resources/extraResources/bin/wp-cli/wp-cli.phar/php/boot-phar.php'), include('phar://C:/Users/Md Sium/AppData/Local/Programs/Local/resources/extraResources/bin/wp-cli/wp-cli.phar/vendor/wp-cli/wp-cli/php/wp-cli.php'), WP_CLI\bootstrap, WP_CLI\Bootstrap\LaunchRunner->process, WP_CLI\Runner->start, WP_CLI\Runner->load_wordpress, require('wp-settings.php'), do_action('init'), WP_Hook->do_action, WP_Hook->apply_filters, _register_theme_block_patterns, WP_Theme->get_block_patterns, WP_Theme->get_pattern_cache, get_site_transient, delete_site_option, delete_network_option, delete_option
[28-Oct-2024 06:32:13 UTC] WordPress database error Deadlock found when trying to get lock; try restarting transaction for query DELETE FROM `wp_options` WHERE `option_name` = '_site_transient_wp_theme_files_patterns-548617f20d581d64d464869699552fb2' made by include('phar://C:/Users/Md Sium/AppData/Local/Programs/Local/resources/extraResources/bin/wp-cli/wp-cli.phar/php/boot-phar.php'), include('phar://C:/Users/Md Sium/AppData/Local/Programs/Local/resources/extraResources/bin/wp-cli/wp-cli.phar/vendor/wp-cli/wp-cli/php/wp-cli.php'), WP_CLI\bootstrap, WP_CLI\Bootstrap\LaunchRunner->process, WP_CLI\Runner->start, WP_CLI\Runner->load_wordpress, require('wp-settings.php'), do_action('init'), WP_Hook->do_action, WP_Hook->apply_filters, _register_theme_block_patterns, WP_Theme->get_block_patterns, WP_Theme->get_pattern_cache, get_site_transient, delete_site_option, delete_network_option, delete_option
